<?xml version="1.0" encoding="utf-8"?><testsuites name="pytest tests"><testsuite name="pytest" errors="0" failures="0" skipped="0" tests="9" time="3.505" timestamp="2026-08-29T20:02:30.164427+00:00" hostname="agent-env-84a7d1e1-ff4b-46da-a84e-110a370619be"><testcase classname="tests.test_client_portal_wage_payment.TestWageReport" name="test_get_wage_report" time="0.688" /><testcase classname="tests.test_client_portal_wage_payment.TestWageReport" name="test_edit_rate_recalculates_wage" time="0.260" /><testcase classname="tests.test_client_portal_wage_payment.TestWageReport" name="test_export_pdf" time="0.100" /><testcase classname="tests.test_client_portal_wage_payment.TestWageReport" name="test_export_xlsx" time="0.312" /><testcase classname="tests.test_client_portal_wage_payment.TestWageReport" name="test_officer_payslip_pdf" time="0.214" /><testcase classname="tests.test_client_portal_wage_payment.TestPaymentSO" name="test_officer_search_scoped" time="0.128" /><testcase classname="tests.test_client_portal_wage_payment.TestPaymentSO" name="test_full_payment_crud" time="1.139" /><testcase classname="tests.test_client_portal_wage_payment.TestAdminAudit" name="test_audit_lists_include_new_entities_and_export" time="0.448" /><testcase classname="tests.test_client_portal_wage_payment.TestAdminAudit" name="test_audit_shows_client_actions" time="0.142" /></testsuite></testsuites>