<?xml version="1.0" encoding="utf-8"?><testsuites name="pytest tests"><testsuite name="pytest" errors="0" failures="0" skipped="0" tests="11" time="2.884" timestamp="2026-08-29T20:23:45.705674+00:00" hostname="agent-env-84a7d1e1-ff4b-46da-a84e-110a370619be"><testcase classname="tests.test_iter15_client_reports_reuse.TestClientReuseEndpoints" name="test_schedules_scoped" time="0.771" /><testcase classname="tests.test_iter15_client_reports_reuse.TestAdminRegression" name="test_admin_by_client_shows_all" time="0.852" /><testcase classname="tests.test_iter15_client_reports_reuse.TestClientReuseEndpoints" name="test_by_officer_has_abir" time="0.078" /><testcase classname="tests.test_iter15_client_reports_reuse.TestClientReuseEndpoints" name="test_by_client_only_arseas" time="0.078" /><testcase classname="tests.test_iter15_client_reports_reuse.TestAdminRegression" name="test_admin_by_officer_ok" time="0.081" /><testcase classname="tests.test_iter15_client_reports_reuse.TestClientReuseEndpoints" name="test_by_post_site_scoped" time="0.093" /><testcase classname="tests.test_iter15_client_reports_reuse.TestAdminRegression" name="test_admin_export_ok" time="0.091" /><testcase classname="tests.test_iter15_client_reports_reuse.TestClientReuseEndpoints" name="test_by_vendor_scoped" time="0.087" /><testcase classname="tests.test_iter15_client_reports_reuse.TestSecurity" name="test_client_blocked_on_admin_dispatch" time="1.296" /><testcase classname="tests.test_iter15_client_reports_reuse.TestClientReuseEndpoints" name="test_export_pdf_and_audit" time="0.749" /><testcase classname="tests.test_iter15_client_reports_reuse.TestClientReuseEndpoints" name="test_export_xlsx" time="0.463" /></testsuite></testsuites>