<?xml version="1.0" encoding="utf-8"?><testsuites name="pytest tests"><testsuite name="pytest" errors="0" failures="0" skipped="0" tests="6" time="2.726" timestamp="2026-08-29T21:09:10.207671+00:00" hostname="agent-env-84a7d1e1-ff4b-46da-a84e-110a370619be"><testcase classname="tests.test_iter18_client_profile" name="test_portal_me_returns_client" time="0.526" /><testcase classname="tests.test_iter18_client_profile" name="test_portal_profile_update_and_persist" time="0.218" /><testcase classname="tests.test_iter18_client_profile" name="test_portal_profile_blank_name_blocked" time="0.207" /><testcase classname="tests.test_iter18_client_profile" name="test_portal_profile_endpoint_has_no_id_param" time="0.226" /><testcase classname="tests.test_iter18_client_profile" name="test_portal_logo_upload" time="0.283" /><testcase classname="tests.test_iter18_client_profile" name="test_admin_sees_updated_client_and_audit" time="0.896" /></testsuite></testsuites>