<?xml version="1.0" encoding="utf-8"?><testsuites name="pytest tests"><testsuite name="pytest" errors="0" failures="0" skipped="0" tests="8" time="2.848" timestamp="2026-08-29T20:41:13.557182+00:00" hostname="agent-env-84a7d1e1-ff4b-46da-a84e-110a370619be"><testcase classname="tests.test_iter16_client_payment_so_reuse.TestClientPortalPaymentSO" name="test_clients_landing_only_arseas" time="0.662" /><testcase classname="tests.test_iter16_client_payment_so_reuse.TestAdminRegression" name="test_admin_clients_shows_all" time="0.735" /><testcase classname="tests.test_iter16_client_payment_so_reuse.TestClientPortalPaymentSO" name="test_officer_search_scoped_ignores_injected_client" time="0.116" /><testcase classname="tests.test_iter16_client_payment_so_reuse.TestAdminRegression" name="test_admin_records_ok" time="0.185" /><testcase classname="tests.test_iter16_client_payment_so_reuse.TestClientPortalPaymentSO" name="test_records_list_scoped" time="0.078" /><testcase classname="tests.test_iter16_client_payment_so_reuse.TestClientPortalPaymentSO" name="test_full_crud_and_audit" time="0.902" /><testcase classname="tests.test_iter16_client_payment_so_reuse.TestSecurity" name="test_direct_admin_endpoint_forbidden_for_client" time="0.815" /><testcase classname="tests.test_iter16_client_payment_so_reuse.TestClientPortalPaymentSO" name="test_export_pdf_and_xlsx" time="0.716" /></testsuite></testsuites>