<?xml version="1.0" encoding="utf-8"?><testsuites name="pytest tests"><testsuite name="pytest" errors="0" failures="0" skipped="0" tests="12" time="2.811" timestamp="2026-08-29T20:57:45.612228+00:00" hostname="agent-env-84a7d1e1-ff4b-46da-a84e-110a370619be"><testcase classname="tests.test_iter17_client_invoice_reuse.TestClientInvoiceScoping" name="test_client_list_only_own" time="0.989" /><testcase classname="tests.test_iter17_client_invoice_reuse.TestClientInvoiceCreate" name="test_create_invoice_flow" time="1.421" /><testcase classname="tests.test_iter17_client_invoice_reuse.TestClientInvoiceScoping" name="test_client_vendors_only_theirs" time="0.121" /><testcase classname="tests.test_iter17_client_invoice_reuse.TestClientInvoiceScoping" name="test_client_next_number" time="0.081" /><testcase classname="tests.test_iter17_client_invoice_reuse.TestClientInvoiceScoping" name="test_client_bogus_invoice_404" time="0.088" /><testcase classname="tests.test_iter17_client_invoice_reuse.TestSecurity" name="test_direct_admin_endpoint_403_for_client" time="0.263" /><testcase classname="tests.test_iter17_client_invoice_reuse.TestClientInvoiceCreate" name="test_download_pdf" time="0.150" /><testcase classname="tests.test_iter17_client_invoice_reuse.TestClientInvoiceCreate" name="test_admin_sees_client_generated" time="0.077" /><testcase classname="tests.test_iter17_client_invoice_reuse.TestClientInvoiceCreate" name="test_admin_seed_invoices_flagged" time="0.370" /><testcase classname="tests.test_iter17_client_invoice_reuse.TestSecurity" name="test_admin_regression_can_create" time="0.853" /><testcase classname="tests.test_iter17_client_invoice_reuse.TestClientInvoiceCreate" name="test_audit_has_create_and_export" time="0.077" /><testcase classname="tests.test_iter17_client_invoice_reuse.TestClientInvoiceCreate" name="test_cleanup_delete_created" time="0.073" /></testsuite></testsuites>