<?xml version="1.0" encoding="utf-8"?><testsuites name="pytest tests"><testsuite name="pytest" errors="0" failures="0" skipped="0" tests="5" time="1.237" timestamp="2026-08-31T08:33:40.274647+00:00" hostname="agent-env-84a7d1e1-ff4b-46da-a84e-110a370619be"><testcase classname="tests.test_payslip_pdf.TestPayslipPDFRegression" name="test_login_and_permissions" time="0.589" /><testcase classname="tests.test_payslip_pdf.TestPayslipPDFRegression" name="test_generate_and_download_payslip" time="0.225" /><testcase classname="tests.test_payslip_pdf.TestPayslipPDFRegression" name="test_pdf_contains_all_columns" time="0.034" /><testcase classname="tests.test_payslip_pdf.TestPayslipPDFRegression" name="test_pdf_words_within_page_margin" time="0.033" /><testcase classname="tests.test_payslip_pdf.TestPayslipPDFRegression" name="test_long_text_wraps_and_is_present" time="0.266" /></testsuite></testsuites>